{"/Users/mac/Documents/Hacktiv8/March/Week 3/IP-RMT46/server/app.js": {"path":"/Users/mac/Documents/Hacktiv8/March/Week 3/IP-RMT46/server/app.js","statementMap":{"0":{"start":{"line":1,"column":0},"end":{"line":3,"column":1}},"1":{"start":{"line":2,"column":4},"end":{"line":2,"column":31}},"2":{"start":{"line":5,"column":13},"end":{"line":5,"column":28}},"3":{"start":{"line":6,"column":16},"end":{"line":6,"column":34}},"4":{"start":{"line":7,"column":15},"end":{"line":7,"column":35}},"5":{"start":{"line":8,"column":12},"end":{"line":8,"column":21}},"6":{"start":{"line":10,"column":0},"end":{"line":10,"column":48}},"7":{"start":{"line":11,"column":0},"end":{"line":11,"column":24}},"8":{"start":{"line":12,"column":0},"end":{"line":12,"column":16}},"9":{"start":{"line":13,"column":0},"end":{"line":13,"column":16}},"10":{"start":{"line":16,"column":0},"end":{"line":16,"column":21}}},"fnMap":{},"branchMap":{"0":{"loc":{"start":{"line":1,"column":0},"end":{"line":3,"column":1}},"type":"if","locations":[{"start":{"line":1,"column":0},"end":{"line":3,"column":1}},{"start":{},"end":{}}],"line":1}},"s":{"0":3,"1":3,"2":3,"3":3,"4":3,"5":3,"6":3,"7":3,"8":3,"9":3,"10":3},"f":{},"b":{"0":[3,0]},"_coverageSchema":"1a1c01bbd47fc00a2c39e90264f33305004495a9","hash":"1eb8d72ceba473d7503815bb98bd2b1f20dfcb49"}
,"/Users/mac/Documents/Hacktiv8/March/Week 3/IP-RMT46/server/controllers/category.js": {"path":"/Users/mac/Documents/Hacktiv8/March/Week 3/IP-RMT46/server/controllers/category.js","statementMap":{"0":{"start":{"line":1,"column":21},"end":{"line":1,"column":41}},"1":{"start":{"line":3,"column":0},"end":{"line":34,"column":1}},"2":{"start":{"line":5,"column":8},"end":{"line":10,"column":9}},"3":{"start":{"line":6,"column":33},"end":{"line":6,"column":57}},"4":{"start":{"line":7,"column":12},"end":{"line":7,"column":46}},"5":{"start":{"line":9,"column":12},"end":{"line":9,"column":23}},"6":{"start":{"line":14,"column":8},"end":{"line":19,"column":9}},"7":{"start":{"line":15,"column":35},"end":{"line":15,"column":66}},"8":{"start":{"line":16,"column":12},"end":{"line":16,"column":48}},"9":{"start":{"line":18,"column":12},"end":{"line":18,"column":23}},"10":{"start":{"line":23,"column":23},"end":{"line":23,"column":33}},"11":{"start":{"line":24,"column":8},"end":{"line":32,"column":9}},"12":{"start":{"line":25,"column":33},"end":{"line":25,"column":61}},"13":{"start":{"line":26,"column":12},"end":{"line":26,"column":54}},"14":{"start":{"line":26,"column":30},"end":{"line":26,"column":54}},"15":{"start":{"line":28,"column":12},"end":{"line":28,"column":47}},"16":{"start":{"line":29,"column":12},"end":{"line":29,"column":95}},"17":{"start":{"line":31,"column":12},"end":{"line":31,"column":23}}},"fnMap":{"0":{"name":"(anonymous_0)","decl":{"start":{"line":4,"column":4},"end":{"line":4,"column":5}},"loc":{"start":{"line":4,"column":45},"end":{"line":11,"column":5}},"line":4},"1":{"name":"(anonymous_1)","decl":{"start":{"line":13,"column":4},"end":{"line":13,"column":5}},"loc":{"start":{"line":13,"column":47},"end":{"line":20,"column":5}},"line":13},"2":{"name":"(anonymous_2)","decl":{"start":{"line":22,"column":4},"end":{"line":22,"column":5}},"loc":{"start":{"line":22,"column":52},"end":{"line":33,"column":5}},"line":22}},"branchMap":{"0":{"loc":{"start":{"line":26,"column":12},"end":{"line":26,"column":54}},"type":"if","locations":[{"start":{"line":26,"column":12},"end":{"line":26,"column":54}},{"start":{},"end":{}}],"line":26}},"s":{"0":3,"1":3,"2":2,"3":2,"4":2,"5":0,"6":1,"7":1,"8":0,"9":1,"10":0,"11":0,"12":0,"13":0,"14":0,"15":0,"16":0,"17":0},"f":{"0":2,"1":1,"2":0},"b":{"0":[0,0]},"_coverageSchema":"1a1c01bbd47fc00a2c39e90264f33305004495a9","hash":"9d7881a993b773d69221ab767c4a01476d172775"}
,"/Users/mac/Documents/Hacktiv8/March/Week 3/IP-RMT46/server/controllers/home.js": {"path":"/Users/mac/Documents/Hacktiv8/March/Week 3/IP-RMT46/server/controllers/home.js","statementMap":{"0":{"start":{"line":1,"column":0},"end":{"line":7,"column":1}},"1":{"start":{"line":3,"column":8},"end":{"line":5,"column":10}}},"fnMap":{"0":{"name":"(anonymous_0)","decl":{"start":{"line":2,"column":4},"end":{"line":2,"column":5}},"loc":{"start":{"line":2,"column":32},"end":{"line":6,"column":5}},"line":2}},"branchMap":{},"s":{"0":3,"1":0},"f":{"0":0},"b":{},"_coverageSchema":"1a1c01bbd47fc00a2c39e90264f33305004495a9","hash":"e596add232ba94428edc377063a75de7c28f9dc2"}
,"/Users/mac/Documents/Hacktiv8/March/Week 3/IP-RMT46/server/controllers/payment.js": {"path":"/Users/mac/Documents/Hacktiv8/March/Week 3/IP-RMT46/server/controllers/payment.js","statementMap":{"0":{"start":{"line":1,"column":23},"end":{"line":1,"column":49}},"1":{"start":{"line":2,"column":18},"end":{"line":2,"column":38}},"2":{"start":{"line":4,"column":0},"end":{"line":43,"column":2}},"3":{"start":{"line":6,"column":4},"end":{"line":41,"column":5}},"4":{"start":{"line":7,"column":17},"end":{"line":10,"column":8}},"5":{"start":{"line":12,"column":22},"end":{"line":12,"column":46}},"6":{"start":{"line":13,"column":21},"end":{"line":13,"column":32}},"7":{"start":{"line":15,"column":22},"end":{"line":27,"column":7}},"8":{"start":{"line":29,"column":26},"end":{"line":29,"column":65}},"9":{"start":{"line":30,"column":29},"end":{"line":30,"column":46}},"10":{"start":{"line":32,"column":6},"end":{"line":36,"column":8}},"11":{"start":{"line":38,"column":6},"end":{"line":38,"column":63}},"12":{"start":{"line":40,"column":6},"end":{"line":40,"column":18}}},"fnMap":{"0":{"name":"(anonymous_0)","decl":{"start":{"line":5,"column":2},"end":{"line":5,"column":3}},"loc":{"start":{"line":5,"column":51},"end":{"line":42,"column":3}},"line":5}},"branchMap":{},"s":{"0":3,"1":3,"2":3,"3":0,"4":0,"5":0,"6":0,"7":0,"8":0,"9":0,"10":0,"11":0,"12":0},"f":{"0":0},"b":{},"_coverageSchema":"1a1c01bbd47fc00a2c39e90264f33305004495a9","hash":"120fe6655975e5c9a8a7276f8d9dd2b0d2ec5443"}
,"/Users/mac/Documents/Hacktiv8/March/Week 3/IP-RMT46/server/controllers/user.js": {"path":"/Users/mac/Documents/Hacktiv8/March/Week 3/IP-RMT46/server/controllers/user.js","statementMap":{"0":{"start":{"line":1,"column":17},"end":{"line":1,"column":37}},"1":{"start":{"line":2,"column":28},"end":{"line":2,"column":56}},"2":{"start":{"line":3,"column":22},"end":{"line":3,"column":47}},"3":{"start":{"line":4,"column":25},"end":{"line":4,"column":55}},"4":{"start":{"line":5,"column":15},"end":{"line":5,"column":33}},"5":{"start":{"line":7,"column":0},"end":{"line":93,"column":2}},"6":{"start":{"line":9,"column":4},"end":{"line":27,"column":5}},"7":{"start":{"line":10,"column":66},"end":{"line":10,"column":74}},"8":{"start":{"line":11,"column":19},"end":{"line":17,"column":8}},"9":{"start":{"line":18,"column":6},"end":{"line":24,"column":9}},"10":{"start":{"line":26,"column":6},"end":{"line":26,"column":18}},"11":{"start":{"line":31,"column":4},"end":{"line":63,"column":5}},"12":{"start":{"line":32,"column":34},"end":{"line":32,"column":42}},"13":{"start":{"line":34,"column":6},"end":{"line":39,"column":10}},"14":{"start":{"line":35,"column":8},"end":{"line":39,"column":10}},"15":{"start":{"line":40,"column":6},"end":{"line":45,"column":10}},"16":{"start":{"line":41,"column":8},"end":{"line":45,"column":10}},"17":{"start":{"line":47,"column":19},"end":{"line":51,"column":8}},"18":{"start":{"line":53,"column":6},"end":{"line":58,"column":10}},"19":{"start":{"line":54,"column":8},"end":{"line":58,"column":10}},"20":{"start":{"line":60,"column":6},"end":{"line":60,"column":73}},"21":{"start":{"line":62,"column":6},"end":{"line":62,"column":18}},"22":{"start":{"line":67,"column":28},"end":{"line":67,"column":36}},"23":{"start":{"line":68,"column":4},"end":{"line":91,"column":5}},"24":{"start":{"line":69,"column":21},"end":{"line":73,"column":8}},"25":{"start":{"line":74,"column":34},"end":{"line":74,"column":53}},"26":{"start":{"line":75,"column":23},"end":{"line":75,"column":47}},"27":{"start":{"line":76,"column":21},"end":{"line":83,"column":8}},"28":{"start":{"line":85,"column":27},"end":{"line":85,"column":53}},"29":{"start":{"line":86,"column":6},"end":{"line":88,"column":71}},"30":{"start":{"line":90,"column":6},"end":{"line":90,"column":18}}},"fnMap":{"0":{"name":"(anonymous_0)","decl":{"start":{"line":8,"column":2},"end":{"line":8,"column":3}},"loc":{"start":{"line":8,"column":44},"end":{"line":28,"column":3}},"line":8},"1":{"name":"(anonymous_1)","decl":{"start":{"line":30,"column":2},"end":{"line":30,"column":3}},"loc":{"start":{"line":30,"column":41},"end":{"line":64,"column":3}},"line":30},"2":{"name":"(anonymous_2)","decl":{"start":{"line":66,"column":2},"end":{"line":66,"column":3}},"loc":{"start":{"line":66,"column":43},"end":{"line":92,"column":3}},"line":66}},"branchMap":{"0":{"loc":{"start":{"line":34,"column":6},"end":{"line":39,"column":10}},"type":"if","locations":[{"start":{"line":34,"column":6},"end":{"line":39,"column":10}},{"start":{},"end":{}}],"line":34},"1":{"loc":{"start":{"line":40,"column":6},"end":{"line":45,"column":10}},"type":"if","locations":[{"start":{"line":40,"column":6},"end":{"line":45,"column":10}},{"start":{},"end":{}}],"line":40},"2":{"loc":{"start":{"line":53,"column":6},"end":{"line":58,"column":10}},"type":"if","locations":[{"start":{"line":53,"column":6},"end":{"line":58,"column":10}},{"start":{},"end":{}}],"line":53},"3":{"loc":{"start":{"line":53,"column":10},"end":{"line":53,"column":60}},"type":"binary-expr","locations":[{"start":{"line":53,"column":10},"end":{"line":53,"column":15}},{"start":{"line":53,"column":19},"end":{"line":53,"column":60}}],"line":53}},"s":{"0":3,"1":3,"2":3,"3":3,"4":3,"5":3,"6":8,"7":8,"8":8,"9":4,"10":4,"11":5,"12":5,"13":5,"14":2,"15":3,"16":2,"17":1,"18":1,"19":0,"20":1,"21":4,"22":0,"23":0,"24":0,"25":0,"26":0,"27":0,"28":0,"29":0,"30":0},"f":{"0":8,"1":5,"2":0},"b":{"0":[2,3],"1":[2,1],"2":[0,1],"3":[1,1]},"_coverageSchema":"1a1c01bbd47fc00a2c39e90264f33305004495a9","hash":"9fbeb39254040ac6c6fe11f465e09592c1b2d851"}
,"/Users/mac/Documents/Hacktiv8/March/Week 3/IP-RMT46/server/controllers/vechile.js": {"path":"/Users/mac/Documents/Hacktiv8/March/Week 3/IP-RMT46/server/controllers/vechile.js","statementMap":{"0":{"start":{"line":1,"column":36},"end":{"line":1,"column":56}},"1":{"start":{"line":2,"column":20},"end":{"line":2,"column":44}},"2":{"start":{"line":4,"column":0},"end":{"line":8,"column":3}},"3":{"start":{"line":10,"column":0},"end":{"line":99,"column":1}},"4":{"start":{"line":12,"column":8},"end":{"line":24,"column":9}},"5":{"start":{"line":13,"column":32},"end":{"line":20,"column":10}},"6":{"start":{"line":21,"column":12},"end":{"line":21,"column":45}},"7":{"start":{"line":23,"column":12},"end":{"line":23,"column":23}},"8":{"start":{"line":28,"column":8},"end":{"line":33,"column":9}},"9":{"start":{"line":29,"column":34},"end":{"line":29,"column":92}},"10":{"start":{"line":30,"column":12},"end":{"line":30,"column":47}},"11":{"start":{"line":32,"column":12},"end":{"line":32,"column":23}},"12":{"start":{"line":37,"column":23},"end":{"line":37,"column":33}},"13":{"start":{"line":38,"column":8},"end":{"line":45,"column":9}},"14":{"start":{"line":39,"column":32},"end":{"line":39,"column":92}},"15":{"start":{"line":40,"column":12},"end":{"line":40,"column":53}},"16":{"start":{"line":40,"column":29},"end":{"line":40,"column":53}},"17":{"start":{"line":42,"column":12},"end":{"line":42,"column":45}},"18":{"start":{"line":44,"column":12},"end":{"line":44,"column":23}},"19":{"start":{"line":49,"column":23},"end":{"line":49,"column":33}},"20":{"start":{"line":50,"column":8},"end":{"line":60,"column":9}},"21":{"start":{"line":51,"column":32},"end":{"line":51,"column":59}},"22":{"start":{"line":52,"column":12},"end":{"line":52,"column":53}},"23":{"start":{"line":52,"column":29},"end":{"line":52,"column":53}},"24":{"start":{"line":54,"column":79},"end":{"line":54,"column":87}},"25":{"start":{"line":56,"column":12},"end":{"line":56,"column":96}},"26":{"start":{"line":57,"column":12},"end":{"line":57,"column":45}},"27":{"start":{"line":59,"column":12},"end":{"line":59,"column":23}},"28":{"start":{"line":64,"column":23},"end":{"line":64,"column":33}},"29":{"start":{"line":65,"column":8},"end":{"line":73,"column":9}},"30":{"start":{"line":66,"column":32},"end":{"line":66,"column":59}},"31":{"start":{"line":67,"column":12},"end":{"line":67,"column":54}},"32":{"start":{"line":67,"column":30},"end":{"line":67,"column":54}},"33":{"start":{"line":69,"column":12},"end":{"line":69,"column":39}},"34":{"start":{"line":70,"column":12},"end":{"line":70,"column":66}},"35":{"start":{"line":72,"column":12},"end":{"line":72,"column":23}},"36":{"start":{"line":77,"column":8},"end":{"line":96,"column":9}},"37":{"start":{"line":78,"column":12},"end":{"line":78,"column":100}},"38":{"start":{"line":78,"column":27},"end":{"line":78,"column":100}},"39":{"start":{"line":80,"column":29},"end":{"line":80,"column":46}},"40":{"start":{"line":81,"column":25},"end":{"line":81,"column":72}},"41":{"start":{"line":82,"column":28},"end":{"line":82,"column":61}},"42":{"start":{"line":84,"column":27},"end":{"line":87,"column":14}},"43":{"start":{"line":89,"column":28},"end":{"line":89,"column":65}},"44":{"start":{"line":90,"column":12},"end":{"line":90,"column":53}},"45":{"start":{"line":90,"column":26},"end":{"line":90,"column":53}},"46":{"start":{"line":92,"column":12},"end":{"line":92,"column":64}},"47":{"start":{"line":93,"column":12},"end":{"line":93,"column":96}},"48":{"start":{"line":95,"column":12},"end":{"line":95,"column":24}}},"fnMap":{"0":{"name":"(anonymous_0)","decl":{"start":{"line":11,"column":4},"end":{"line":11,"column":5}},"loc":{"start":{"line":11,"column":44},"end":{"line":25,"column":5}},"line":11},"1":{"name":"(anonymous_1)","decl":{"start":{"line":27,"column":4},"end":{"line":27,"column":5}},"loc":{"start":{"line":27,"column":46},"end":{"line":34,"column":5}},"line":27},"2":{"name":"(anonymous_2)","decl":{"start":{"line":36,"column":4},"end":{"line":36,"column":5}},"loc":{"start":{"line":36,"column":48},"end":{"line":46,"column":5}},"line":36},"3":{"name":"(anonymous_3)","decl":{"start":{"line":48,"column":4},"end":{"line":48,"column":5}},"loc":{"start":{"line":48,"column":51},"end":{"line":61,"column":5}},"line":48},"4":{"name":"(anonymous_4)","decl":{"start":{"line":63,"column":4},"end":{"line":63,"column":5}},"loc":{"start":{"line":63,"column":53},"end":{"line":74,"column":5}},"line":63},"5":{"name":"(anonymous_5)","decl":{"start":{"line":76,"column":4},"end":{"line":76,"column":5}},"loc":{"start":{"line":76,"column":57},"end":{"line":97,"column":5}},"line":76}},"branchMap":{"0":{"loc":{"start":{"line":40,"column":12},"end":{"line":40,"column":53}},"type":"if","locations":[{"start":{"line":40,"column":12},"end":{"line":40,"column":53}},{"start":{},"end":{}}],"line":40},"1":{"loc":{"start":{"line":52,"column":12},"end":{"line":52,"column":53}},"type":"if","locations":[{"start":{"line":52,"column":12},"end":{"line":52,"column":53}},{"start":{},"end":{}}],"line":52},"2":{"loc":{"start":{"line":67,"column":12},"end":{"line":67,"column":54}},"type":"if","locations":[{"start":{"line":67,"column":12},"end":{"line":67,"column":54}},{"start":{},"end":{}}],"line":67},"3":{"loc":{"start":{"line":78,"column":12},"end":{"line":78,"column":100}},"type":"if","locations":[{"start":{"line":78,"column":12},"end":{"line":78,"column":100}},{"start":{},"end":{}}],"line":78},"4":{"loc":{"start":{"line":90,"column":12},"end":{"line":90,"column":53}},"type":"if","locations":[{"start":{"line":90,"column":12},"end":{"line":90,"column":53}},{"start":{},"end":{}}],"line":90}},"s":{"0":3,"1":3,"2":3,"3":3,"4":0,"5":0,"6":0,"7":0,"8":0,"9":0,"10":0,"11":0,"12":0,"13":0,"14":0,"15":0,"16":0,"17":0,"18":0,"19":0,"20":0,"21":0,"22":0,"23":0,"24":0,"25":0,"26":0,"27":0,"28":0,"29":0,"30":0,"31":0,"32":0,"33":0,"34":0,"35":0,"36":0,"37":0,"38":0,"39":0,"40":0,"41":0,"42":0,"43":0,"44":0,"45":0,"46":0,"47":0,"48":0},"f":{"0":0,"1":0,"2":0,"3":0,"4":0,"5":0},"b":{"0":[0,0],"1":[0,0],"2":[0,0],"3":[0,0],"4":[0,0]},"_coverageSchema":"1a1c01bbd47fc00a2c39e90264f33305004495a9","hash":"29a680c0362d69704317647c0b801666bd89cd65"}
,"/Users/mac/Documents/Hacktiv8/March/Week 3/IP-RMT46/server/helpers/bcrypt.js": {"path":"/Users/mac/Documents/Hacktiv8/March/Week 3/IP-RMT46/server/helpers/bcrypt.js","statementMap":{"0":{"start":{"line":1,"column":32},"end":{"line":1,"column":51}},"1":{"start":{"line":3,"column":0},"end":{"line":6,"column":1}},"2":{"start":{"line":4,"column":32},"end":{"line":4,"column":54}},"3":{"start":{"line":5,"column":48},"end":{"line":5,"column":82}}},"fnMap":{"0":{"name":"(anonymous_0)","decl":{"start":{"line":4,"column":18},"end":{"line":4,"column":19}},"loc":{"start":{"line":4,"column":32},"end":{"line":4,"column":54}},"line":4},"1":{"name":"(anonymous_1)","decl":{"start":{"line":5,"column":21},"end":{"line":5,"column":22}},"loc":{"start":{"line":5,"column":48},"end":{"line":5,"column":82}},"line":5}},"branchMap":{},"s":{"0":3,"1":3,"2":8,"3":1},"f":{"0":8,"1":1},"b":{},"_coverageSchema":"1a1c01bbd47fc00a2c39e90264f33305004495a9","hash":"c92c99067bbe6a5d03dffd6de73e6104a315757f"}
,"/Users/mac/Documents/Hacktiv8/March/Week 3/IP-RMT46/server/helpers/jwt.js": {"path":"/Users/mac/Documents/Hacktiv8/March/Week 3/IP-RMT46/server/helpers/jwt.js","statementMap":{"0":{"start":{"line":1,"column":21},"end":{"line":1,"column":44}},"1":{"start":{"line":2,"column":20},"end":{"line":2,"column":47}},"2":{"start":{"line":5,"column":3},"end":{"line":5,"column":49}},"3":{"start":{"line":9,"column":4},"end":{"line":9,"column":50}},"4":{"start":{"line":12,"column":0},"end":{"line":12,"column":43}}},"fnMap":{"0":{"name":"signToken","decl":{"start":{"line":4,"column":9},"end":{"line":4,"column":18}},"loc":{"start":{"line":4,"column":28},"end":{"line":6,"column":1}},"line":4},"1":{"name":"verifyToken","decl":{"start":{"line":8,"column":9},"end":{"line":8,"column":20}},"loc":{"start":{"line":8,"column":28},"end":{"line":10,"column":1}},"line":8}},"branchMap":{},"s":{"0":3,"1":3,"2":3,"3":5,"4":3},"f":{"0":3,"1":5},"b":{},"_coverageSchema":"1a1c01bbd47fc00a2c39e90264f33305004495a9","hash":"cda9fee5f33ffe2b2c001a97d65d310e2f7c772e"}
,"/Users/mac/Documents/Hacktiv8/March/Week 3/IP-RMT46/server/middlewares/authentication.js": {"path":"/Users/mac/Documents/Hacktiv8/March/Week 3/IP-RMT46/server/middlewares/authentication.js","statementMap":{"0":{"start":{"line":1,"column":15},"end":{"line":1,"column":35}},"1":{"start":{"line":2,"column":24},"end":{"line":2,"column":49}},"2":{"start":{"line":5,"column":4},"end":{"line":25,"column":5}},"3":{"start":{"line":6,"column":27},"end":{"line":6,"column":52}},"4":{"start":{"line":7,"column":8},"end":{"line":7,"column":57}},"5":{"start":{"line":7,"column":26},"end":{"line":7,"column":57}},"6":{"start":{"line":9,"column":30},"end":{"line":9,"column":53}},"7":{"start":{"line":10,"column":8},"end":{"line":10,"column":61}},"8":{"start":{"line":10,"column":30},"end":{"line":10,"column":61}},"9":{"start":{"line":12,"column":22},"end":{"line":12,"column":40}},"10":{"start":{"line":13,"column":19},"end":{"line":13,"column":50}},"11":{"start":{"line":15,"column":8},"end":{"line":15,"column":49}},"12":{"start":{"line":15,"column":18},"end":{"line":15,"column":49}},"13":{"start":{"line":17,"column":8},"end":{"line":20,"column":9}},"14":{"start":{"line":22,"column":8},"end":{"line":22,"column":14}},"15":{"start":{"line":24,"column":8},"end":{"line":24,"column":19}},"16":{"start":{"line":28,"column":0},"end":{"line":28,"column":32}}},"fnMap":{"0":{"name":"authentication","decl":{"start":{"line":4,"column":15},"end":{"line":4,"column":29}},"loc":{"start":{"line":4,"column":46},"end":{"line":26,"column":1}},"line":4}},"branchMap":{"0":{"loc":{"start":{"line":7,"column":8},"end":{"line":7,"column":57}},"type":"if","locations":[{"start":{"line":7,"column":8},"end":{"line":7,"column":57}},{"start":{},"end":{}}],"line":7},"1":{"loc":{"start":{"line":10,"column":8},"end":{"line":10,"column":61}},"type":"if","locations":[{"start":{"line":10,"column":8},"end":{"line":10,"column":61}},{"start":{},"end":{}}],"line":10},"2":{"loc":{"start":{"line":15,"column":8},"end":{"line":15,"column":49}},"type":"if","locations":[{"start":{"line":15,"column":8},"end":{"line":15,"column":49}},{"start":{},"end":{}}],"line":15}},"s":{"0":3,"1":3,"2":7,"3":7,"4":7,"5":2,"6":5,"7":5,"8":0,"9":5,"10":3,"11":3,"12":0,"13":3,"14":3,"15":4,"16":3},"f":{"0":7},"b":{"0":[2,5],"1":[0,5],"2":[0,3]},"_coverageSchema":"1a1c01bbd47fc00a2c39e90264f33305004495a9","hash":"1a47e2b81fdb201792678d2f324978bb4bf0b224"}
,"/Users/mac/Documents/Hacktiv8/March/Week 3/IP-RMT46/server/middlewares/authorization.js": {"path":"/Users/mac/Documents/Hacktiv8/March/Week 3/IP-RMT46/server/middlewares/authorization.js","statementMap":{"0":{"start":{"line":1,"column":20},"end":{"line":1,"column":40}},"1":{"start":{"line":5,"column":4},"end":{"line":20,"column":5}},"2":{"start":{"line":6,"column":8},"end":{"line":17,"column":9}},"3":{"start":{"line":7,"column":12},"end":{"line":7,"column":18}},"4":{"start":{"line":9,"column":21},"end":{"line":9,"column":31}},"5":{"start":{"line":11,"column":22},"end":{"line":11,"column":48}},"6":{"start":{"line":13,"column":8},"end":{"line":13,"column":54}},"7":{"start":{"line":13,"column":21},"end":{"line":13,"column":54}},"8":{"start":{"line":14,"column":8},"end":{"line":14,"column":76}},"9":{"start":{"line":14,"column":45},"end":{"line":14,"column":76}},"10":{"start":{"line":16,"column":8},"end":{"line":16,"column":14}},"11":{"start":{"line":19,"column":8},"end":{"line":19,"column":19}},"12":{"start":{"line":23,"column":0},"end":{"line":23,"column":31}}},"fnMap":{"0":{"name":"authorization","decl":{"start":{"line":4,"column":15},"end":{"line":4,"column":28}},"loc":{"start":{"line":4,"column":46},"end":{"line":21,"column":1}},"line":4}},"branchMap":{"0":{"loc":{"start":{"line":6,"column":8},"end":{"line":17,"column":9}},"type":"if","locations":[{"start":{"line":6,"column":8},"end":{"line":17,"column":9}},{"start":{"line":8,"column":15},"end":{"line":17,"column":9}}],"line":6},"1":{"loc":{"start":{"line":13,"column":8},"end":{"line":13,"column":54}},"type":"if","locations":[{"start":{"line":13,"column":8},"end":{"line":13,"column":54}},{"start":{},"end":{}}],"line":13},"2":{"loc":{"start":{"line":14,"column":8},"end":{"line":14,"column":76}},"type":"if","locations":[{"start":{"line":14,"column":8},"end":{"line":14,"column":76}},{"start":{},"end":{}}],"line":14}},"s":{"0":3,"1":0,"2":0,"3":0,"4":0,"5":0,"6":0,"7":0,"8":0,"9":0,"10":0,"11":0,"12":3},"f":{"0":0},"b":{"0":[0,0],"1":[0,0],"2":[0,0]},"_coverageSchema":"1a1c01bbd47fc00a2c39e90264f33305004495a9","hash":"a2bebc8c06031bbbdda5c7fd108a16a983934612"}
,"/Users/mac/Documents/Hacktiv8/March/Week 3/IP-RMT46/server/middlewares/errorHandler.js": {"path":"/Users/mac/Documents/Hacktiv8/March/Week 3/IP-RMT46/server/middlewares/errorHandler.js","statementMap":{"0":{"start":{"line":1,"column":0},"end":{"line":33,"column":1}},"1":{"start":{"line":2,"column":17},"end":{"line":2,"column":36}},"2":{"start":{"line":3,"column":18},"end":{"line":3,"column":58}},"3":{"start":{"line":5,"column":4},"end":{"line":26,"column":5}},"4":{"start":{"line":9,"column":12},"end":{"line":9,"column":25}},"5":{"start":{"line":10,"column":12},"end":{"line":10,"column":46}},"6":{"start":{"line":11,"column":12},"end":{"line":11,"column":18}},"7":{"start":{"line":14,"column":12},"end":{"line":14,"column":25}},"8":{"start":{"line":15,"column":12},"end":{"line":15,"column":40}},"9":{"start":{"line":16,"column":12},"end":{"line":16,"column":18}},"10":{"start":{"line":19,"column":12},"end":{"line":19,"column":25}},"11":{"start":{"line":20,"column":12},"end":{"line":20,"column":41}},"12":{"start":{"line":21,"column":12},"end":{"line":21,"column":18}},"13":{"start":{"line":23,"column":12},"end":{"line":23,"column":25}},"14":{"start":{"line":24,"column":12},"end":{"line":24,"column":39}},"15":{"start":{"line":25,"column":12},"end":{"line":25,"column":18}},"16":{"start":{"line":28,"column":4},"end":{"line":32,"column":11}}},"fnMap":{"0":{"name":"(anonymous_0)","decl":{"start":{"line":1,"column":17},"end":{"line":1,"column":18}},"loc":{"start":{"line":1,"column":44},"end":{"line":33,"column":1}},"line":1}},"branchMap":{"0":{"loc":{"start":{"line":2,"column":17},"end":{"line":2,"column":36}},"type":"binary-expr","locations":[{"start":{"line":2,"column":17},"end":{"line":2,"column":29}},{"start":{"line":2,"column":33},"end":{"line":2,"column":36}}],"line":2},"1":{"loc":{"start":{"line":3,"column":18},"end":{"line":3,"column":58}},"type":"binary-expr","locations":[{"start":{"line":3,"column":18},"end":{"line":3,"column":31}},{"start":{"line":3,"column":35},"end":{"line":3,"column":58}}],"line":3},"2":{"loc":{"start":{"line":5,"column":4},"end":{"line":26,"column":5}},"type":"switch","locations":[{"start":{"line":6,"column":8},"end":{"line":6,"column":40}},{"start":{"line":7,"column":8},"end":{"line":7,"column":46}},{"start":{"line":8,"column":8},"end":{"line":11,"column":18}},{"start":{"line":12,"column":8},"end":{"line":12,"column":31}},{"start":{"line":13,"column":8},"end":{"line":16,"column":18}},{"start":{"line":17,"column":8},"end":{"line":17,"column":28}},{"start":{"line":18,"column":8},"end":{"line":21,"column":18}},{"start":{"line":22,"column":8},"end":{"line":25,"column":18}}],"line":5}},"s":{"0":3,"1":13,"2":13,"3":13,"4":5,"5":5,"6":5,"7":4,"8":4,"9":4,"10":0,"11":0,"12":0,"13":0,"14":0,"15":0,"16":13},"f":{"0":13},"b":{"0":[13,9],"1":[13,2],"2":[5,5,5,2,4,0,0,0]},"_coverageSchema":"1a1c01bbd47fc00a2c39e90264f33305004495a9","hash":"bf31ddd7ec0bf4dc04bc19ac5c9b09e51a94616c"}
,"/Users/mac/Documents/Hacktiv8/March/Week 3/IP-RMT46/server/models/category.js": {"path":"/Users/mac/Documents/Hacktiv8/March/Week 3/IP-RMT46/server/models/category.js","statementMap":{"0":{"start":{"line":4,"column":4},"end":{"line":4,"column":24}},"1":{"start":{"line":5,"column":0},"end":{"line":29,"column":2}},"2":{"start":{"line":8,"column":6},"end":{"line":8,"column":66}},"3":{"start":{"line":11,"column":2},"end":{"line":27,"column":5}},"4":{"start":{"line":28,"column":2},"end":{"line":28,"column":18}}},"fnMap":{"0":{"name":"(anonymous_0)","decl":{"start":{"line":5,"column":17},"end":{"line":5,"column":18}},"loc":{"start":{"line":5,"column":43},"end":{"line":29,"column":1}},"line":5},"1":{"name":"(anonymous_1)","decl":{"start":{"line":7,"column":4},"end":{"line":7,"column":5}},"loc":{"start":{"line":7,"column":29},"end":{"line":9,"column":5}},"line":7}},"branchMap":{},"s":{"0":3,"1":3,"2":3,"3":3,"4":3},"f":{"0":3,"1":3},"b":{},"_coverageSchema":"1a1c01bbd47fc00a2c39e90264f33305004495a9","hash":"cbd7252fe54833a3357ab91948ef6f2427c237b6"}
,"/Users/mac/Documents/Hacktiv8/March/Week 3/IP-RMT46/server/models/index.js": {"path":"/Users/mac/Documents/Hacktiv8/March/Week 3/IP-RMT46/server/models/index.js","statementMap":{"0":{"start":{"line":3,"column":11},"end":{"line":3,"column":24}},"1":{"start":{"line":4,"column":13},"end":{"line":4,"column":28}},"2":{"start":{"line":5,"column":18},"end":{"line":5,"column":38}},"3":{"start":{"line":6,"column":16},"end":{"line":6,"column":34}},"4":{"start":{"line":7,"column":17},"end":{"line":7,"column":42}},"5":{"start":{"line":8,"column":12},"end":{"line":8,"column":49}},"6":{"start":{"line":9,"column":15},"end":{"line":9,"column":65}},"7":{"start":{"line":10,"column":11},"end":{"line":10,"column":13}},"8":{"start":{"line":13,"column":0},"end":{"line":17,"column":1}},"9":{"start":{"line":14,"column":2},"end":{"line":14,"column":74}},"10":{"start":{"line":16,"column":2},"end":{"line":16,"column":87}},"11":{"start":{"line":19,"column":0},"end":{"line":32,"column":5}},"12":{"start":{"line":22,"column":4},"end":{"line":27,"column":6}},"13":{"start":{"line":30,"column":18},"end":{"line":30,"column":85}},"14":{"start":{"line":31,"column":4},"end":{"line":31,"column":27}},"15":{"start":{"line":34,"column":0},"end":{"line":38,"column":3}},"16":{"start":{"line":35,"column":2},"end":{"line":37,"column":3}},"17":{"start":{"line":36,"column":4},"end":{"line":36,"column":32}},"18":{"start":{"line":40,"column":0},"end":{"line":40,"column":25}},"19":{"start":{"line":41,"column":0},"end":{"line":41,"column":25}},"20":{"start":{"line":43,"column":0},"end":{"line":43,"column":20}}},"fnMap":{"0":{"name":"(anonymous_0)","decl":{"start":{"line":21,"column":10},"end":{"line":21,"column":11}},"loc":{"start":{"line":21,"column":18},"end":{"line":28,"column":3}},"line":21},"1":{"name":"(anonymous_1)","decl":{"start":{"line":29,"column":11},"end":{"line":29,"column":12}},"loc":{"start":{"line":29,"column":19},"end":{"line":32,"column":3}},"line":29},"2":{"name":"(anonymous_2)","decl":{"start":{"line":34,"column":24},"end":{"line":34,"column":25}},"loc":{"start":{"line":34,"column":37},"end":{"line":38,"column":1}},"line":34}},"branchMap":{"0":{"loc":{"start":{"line":8,"column":12},"end":{"line":8,"column":49}},"type":"binary-expr","locations":[{"start":{"line":8,"column":12},"end":{"line":8,"column":32}},{"start":{"line":8,"column":36},"end":{"line":8,"column":49}}],"line":8},"1":{"loc":{"start":{"line":13,"column":0},"end":{"line":17,"column":1}},"type":"if","locations":[{"start":{"line":13,"column":0},"end":{"line":17,"column":1}},{"start":{"line":15,"column":7},"end":{"line":17,"column":1}}],"line":13},"2":{"loc":{"start":{"line":23,"column":6},"end":{"line":26,"column":37}},"type":"binary-expr","locations":[{"start":{"line":23,"column":6},"end":{"line":23,"column":29}},{"start":{"line":24,"column":6},"end":{"line":24,"column":23}},{"start":{"line":25,"column":6},"end":{"line":25,"column":30}},{"start":{"line":26,"column":6},"end":{"line":26,"column":37}}],"line":23},"3":{"loc":{"start":{"line":35,"column":2},"end":{"line":37,"column":3}},"type":"if","locations":[{"start":{"line":35,"column":2},"end":{"line":37,"column":3}},{"start":{},"end":{}}],"line":35}},"s":{"0":3,"1":3,"2":3,"3":3,"4":3,"5":3,"6":3,"7":3,"8":3,"9":0,"10":3,"11":3,"12":15,"13":12,"14":12,"15":3,"16":12,"17":12,"18":3,"19":3,"20":3},"f":{"0":15,"1":12,"2":12},"b":{"0":[3,0],"1":[0,3],"2":[15,15,12,12],"3":[12,0]},"_coverageSchema":"1a1c01bbd47fc00a2c39e90264f33305004495a9","hash":"cdc82b04e2f4df6fc6fac9a5ca9c0ab6a309e851"}
,"/Users/mac/Documents/Hacktiv8/March/Week 3/IP-RMT46/server/models/order.js": {"path":"/Users/mac/Documents/Hacktiv8/March/Week 3/IP-RMT46/server/models/order.js","statementMap":{"0":{"start":{"line":4,"column":4},"end":{"line":4,"column":24}},"1":{"start":{"line":5,"column":0},"end":{"line":33,"column":2}},"2":{"start":{"line":11,"column":2},"end":{"line":31,"column":5}},"3":{"start":{"line":32,"column":2},"end":{"line":32,"column":15}}},"fnMap":{"0":{"name":"(anonymous_0)","decl":{"start":{"line":5,"column":17},"end":{"line":5,"column":18}},"loc":{"start":{"line":5,"column":43},"end":{"line":33,"column":1}},"line":5},"1":{"name":"(anonymous_1)","decl":{"start":{"line":7,"column":4},"end":{"line":7,"column":5}},"loc":{"start":{"line":7,"column":29},"end":{"line":9,"column":5}},"line":7}},"branchMap":{},"s":{"0":3,"1":3,"2":3,"3":3},"f":{"0":3,"1":3},"b":{},"_coverageSchema":"1a1c01bbd47fc00a2c39e90264f33305004495a9","hash":"caa9c20cba1104422bab56e6afa2027f75c87e43"}
,"/Users/mac/Documents/Hacktiv8/March/Week 3/IP-RMT46/server/models/user.js": {"path":"/Users/mac/Documents/Hacktiv8/March/Week 3/IP-RMT46/server/models/user.js","statementMap":{"0":{"start":{"line":4,"column":4},"end":{"line":4,"column":24}},"1":{"start":{"line":5,"column":25},"end":{"line":5,"column":53}},"2":{"start":{"line":6,"column":0},"end":{"line":76,"column":2}},"3":{"start":{"line":9,"column":6},"end":{"line":9,"column":61}},"4":{"start":{"line":10,"column":6},"end":{"line":10,"column":58}},"5":{"start":{"line":13,"column":2},"end":{"line":74,"column":5}},"6":{"start":{"line":71,"column":8},"end":{"line":71,"column":51}},"7":{"start":{"line":75,"column":2},"end":{"line":75,"column":14}}},"fnMap":{"0":{"name":"(anonymous_0)","decl":{"start":{"line":6,"column":17},"end":{"line":6,"column":18}},"loc":{"start":{"line":6,"column":43},"end":{"line":76,"column":1}},"line":6},"1":{"name":"(anonymous_1)","decl":{"start":{"line":8,"column":4},"end":{"line":8,"column":5}},"loc":{"start":{"line":8,"column":29},"end":{"line":11,"column":5}},"line":8},"2":{"name":"(anonymous_2)","decl":{"start":{"line":70,"column":6},"end":{"line":70,"column":7}},"loc":{"start":{"line":70,"column":24},"end":{"line":72,"column":7}},"line":70}},"branchMap":{},"s":{"0":3,"1":3,"2":3,"3":3,"4":3,"5":3,"6":4,"7":3},"f":{"0":3,"1":3,"2":4},"b":{},"_coverageSchema":"1a1c01bbd47fc00a2c39e90264f33305004495a9","hash":"740d349dbab3d4a4c3ebca139b9696d0b5cb73d3"}
,"/Users/mac/Documents/Hacktiv8/March/Week 3/IP-RMT46/server/models/vechile.js": {"path":"/Users/mac/Documents/Hacktiv8/March/Week 3/IP-RMT46/server/models/vechile.js","statementMap":{"0":{"start":{"line":4,"column":4},"end":{"line":4,"column":24}},"1":{"start":{"line":5,"column":0},"end":{"line":82,"column":2}},"2":{"start":{"line":8,"column":6},"end":{"line":8,"column":62}},"3":{"start":{"line":9,"column":6},"end":{"line":9,"column":68}},"4":{"start":{"line":12,"column":2},"end":{"line":80,"column":5}},"5":{"start":{"line":81,"column":2},"end":{"line":81,"column":17}}},"fnMap":{"0":{"name":"(anonymous_0)","decl":{"start":{"line":5,"column":17},"end":{"line":5,"column":18}},"loc":{"start":{"line":5,"column":43},"end":{"line":82,"column":1}},"line":5},"1":{"name":"(anonymous_1)","decl":{"start":{"line":7,"column":4},"end":{"line":7,"column":5}},"loc":{"start":{"line":7,"column":29},"end":{"line":10,"column":5}},"line":7}},"branchMap":{},"s":{"0":3,"1":3,"2":3,"3":3,"4":3,"5":3},"f":{"0":3,"1":3},"b":{},"_coverageSchema":"1a1c01bbd47fc00a2c39e90264f33305004495a9","hash":"b7509d80d3be42e2e3c62a11a7bfff9fa9889a1a"}
,"/Users/mac/Documents/Hacktiv8/March/Week 3/IP-RMT46/server/routers/category.js": {"path":"/Users/mac/Documents/Hacktiv8/March/Week 3/IP-RMT46/server/routers/category.js","statementMap":{"0":{"start":{"line":1,"column":16},"end":{"line":1,"column":34}},"1":{"start":{"line":2,"column":15},"end":{"line":2,"column":31}},"2":{"start":{"line":3,"column":60},"end":{"line":3,"column":94}},"3":{"start":{"line":4,"column":22},"end":{"line":4,"column":61}},"4":{"start":{"line":6,"column":0},"end":{"line":6,"column":29}},"5":{"start":{"line":7,"column":0},"end":{"line":7,"column":31}},"6":{"start":{"line":8,"column":0},"end":{"line":8,"column":53}},"7":{"start":{"line":10,"column":0},"end":{"line":10,"column":24}}},"fnMap":{},"branchMap":{},"s":{"0":3,"1":3,"2":3,"3":3,"4":3,"5":3,"6":3,"7":3},"f":{},"b":{},"_coverageSchema":"1a1c01bbd47fc00a2c39e90264f33305004495a9","hash":"be086ee153ff4fff09b7c2ad071fa808a3e0a4d6"}
,"/Users/mac/Documents/Hacktiv8/March/Week 3/IP-RMT46/server/routers/index.js": {"path":"/Users/mac/Documents/Hacktiv8/March/Week 3/IP-RMT46/server/routers/index.js","statementMap":{"0":{"start":{"line":1,"column":16},"end":{"line":1,"column":34}},"1":{"start":{"line":2,"column":15},"end":{"line":2,"column":31}},"2":{"start":{"line":3,"column":17},"end":{"line":3,"column":47}},"3":{"start":{"line":4,"column":49},"end":{"line":4,"column":79}},"4":{"start":{"line":5,"column":23},"end":{"line":5,"column":63}},"5":{"start":{"line":6,"column":21},"end":{"line":6,"column":59}},"6":{"start":{"line":7,"column":22},"end":{"line":7,"column":42}},"7":{"start":{"line":8,"column":23},"end":{"line":8,"column":44}},"8":{"start":{"line":10,"column":0},"end":{"line":10,"column":22}},"9":{"start":{"line":11,"column":0},"end":{"line":11,"column":33}},"10":{"start":{"line":12,"column":0},"end":{"line":12,"column":39}},"11":{"start":{"line":13,"column":0},"end":{"line":13,"column":41}},"12":{"start":{"line":15,"column":0},"end":{"line":15,"column":27}},"13":{"start":{"line":16,"column":0},"end":{"line":16,"column":38}},"14":{"start":{"line":17,"column":0},"end":{"line":17,"column":40}},"15":{"start":{"line":19,"column":0},"end":{"line":19,"column":25}},"16":{"start":{"line":21,"column":0},"end":{"line":21,"column":24}}},"fnMap":{},"branchMap":{},"s":{"0":3,"1":3,"2":3,"3":3,"4":3,"5":3,"6":3,"7":3,"8":3,"9":3,"10":3,"11":3,"12":3,"13":3,"14":3,"15":3,"16":3},"f":{},"b":{},"_coverageSchema":"1a1c01bbd47fc00a2c39e90264f33305004495a9","hash":"f2635d8974386b0c12c3b387debec2f7a9914fed"}
,"/Users/mac/Documents/Hacktiv8/March/Week 3/IP-RMT46/server/routers/vechile.js": {"path":"/Users/mac/Documents/Hacktiv8/March/Week 3/IP-RMT46/server/routers/vechile.js","statementMap":{"0":{"start":{"line":1,"column":16},"end":{"line":1,"column":34}},"1":{"start":{"line":2,"column":15},"end":{"line":2,"column":31}},"2":{"start":{"line":10,"column":4},"end":{"line":10,"column":37}},"3":{"start":{"line":11,"column":32},"end":{"line":11,"column":65}},"4":{"start":{"line":12,"column":22},"end":{"line":12,"column":61}},"5":{"start":{"line":13,"column":15},"end":{"line":13,"column":32}},"6":{"start":{"line":14,"column":15},"end":{"line":14,"column":56}},"7":{"start":{"line":16,"column":0},"end":{"line":16,"column":61}},"8":{"start":{"line":17,"column":0},"end":{"line":17,"column":32}},"9":{"start":{"line":18,"column":0},"end":{"line":18,"column":28}},"10":{"start":{"line":19,"column":0},"end":{"line":19,"column":26}},"11":{"start":{"line":20,"column":0},"end":{"line":20,"column":35}},"12":{"start":{"line":21,"column":0},"end":{"line":21,"column":38}},"13":{"start":{"line":22,"column":0},"end":{"line":22,"column":43}},"14":{"start":{"line":23,"column":0},"end":{"line":23,"column":76}},"15":{"start":{"line":25,"column":0},"end":{"line":25,"column":24}}},"fnMap":{},"branchMap":{},"s":{"0":3,"1":3,"2":3,"3":3,"4":3,"5":3,"6":3,"7":3,"8":3,"9":3,"10":3,"11":3,"12":3,"13":3,"14":3,"15":3},"f":{},"b":{},"_coverageSchema":"1a1c01bbd47fc00a2c39e90264f33305004495a9","hash":"d9c127a1d758a7f223392c76d0a6405e021f144a"}
}
